[35m[1mScanning dependencies of target testing_gazebo[0m
[ 50%] [32mBuilding CXX object CMakeFiles/testing_gazebo.dir/src/simple_world_plugin.cpp.o[0m
[01m[K/home/konu/Desktop/stuff/ros2_gazebo_custom_plug_ws/src/testing_gazebo/src/simple_world_plugin.cpp:[m[K In member function â€˜[01m[Kvirtual void gazebo::WorldPluginTutorial::Load(gazebo::physics::WorldPtr, sdf::ElementPtr)[m[Kâ€™:
[01m[K/home/konu/Desktop/stuff/ros2_gazebo_custom_plug_ws/src/testing_gazebo/src/simple_world_plugin.cpp:15:31:[m[K [01;35m[Kwarning: [m[Kunused parameter â€˜[01m[K_world[m[Kâ€™ [[01;35m[K-Wunused-parameter[m[K]
   void Load(physics::WorldPtr [01;35m[K_world[m[K, sdf::ElementPtr _sdf)
                               [01;35m[K^~~~~~[m[K
[01m[K/home/konu/Desktop/stuff/ros2_gazebo_custom_plug_ws/src/testing_gazebo/src/simple_world_plugin.cpp:15:55:[m[K [01;35m[Kwarning: [m[Kunused parameter â€˜[01m[K_sdf[m[Kâ€™ [[01;35m[K-Wunused-parameter[m[K]
   void Load(physics::WorldPtr _world, sdf::ElementPtr [01;35m[K_sdf[m[K)
                                                       [01;35m[K^~~~[m[K
[01m[K/home/konu/Desktop/stuff/ros2_gazebo_custom_plug_ws/src/testing_gazebo/src/simple_world_plugin.cpp:[m[K At global scope:
[01m[K/home/konu/Desktop/stuff/ros2_gazebo_custom_plug_ws/src/testing_gazebo/src/simple_world_plugin.cpp:43:21:[m[K [01;31m[Kerror: [m[Kâ€˜[01m[Kstd_msgs[m[Kâ€™ was not declared in this scope
   rclcpp::Publisher<[01;31m[Kstd_msgs[m[K::msg::String>::SharedPtr publisher_;
                     [01;31m[K^~~~~~~~[m[K
[01m[K/home/konu/Desktop/stuff/ros2_gazebo_custom_plug_ws/src/testing_gazebo/src/simple_world_plugin.cpp:43:21:[m[K [01;36m[Knote: [m[Ksuggested alternative: â€˜[01m[Ksdfmsg[m[Kâ€™
   rclcpp::Publisher<[01;36m[Kstd_msgs[m[K::msg::String>::SharedPtr publisher_;
                     [01;36m[K^~~~~~~~[m[K
                     [32m[Ksdfmsg[m[K
[01m[K/home/konu/Desktop/stuff/ros2_gazebo_custom_plug_ws/src/testing_gazebo/src/simple_world_plugin.cpp:43:42:[m[K [01;31m[Kerror: [m[Ktemplate argument 1 is invalid
   rclcpp::Publisher<std_msgs::msg::String[01;31m[K>[m[K::SharedPtr publisher_;
                                          [01;31m[K^[m[K
[01m[K/home/konu/Desktop/stuff/ros2_gazebo_custom_plug_ws/src/testing_gazebo/src/simple_world_plugin.cpp:43:45:[m[K [01;31m[Kerror: [m[Kexpected â€˜[01m[K;[m[Kâ€™ at end of member declaration
   rclcpp::Publisher<std_msgs::msg::String>::[01;31m[KSharedPtr[m[K publisher_;
                                             [01;31m[K^~~~~~~~~[m[K
[01m[K/home/konu/Desktop/stuff/ros2_gazebo_custom_plug_ws/src/testing_gazebo/src/simple_world_plugin.cpp:43:55:[m[K [01;31m[Kerror: [m[Kâ€˜[01m[Kpublisher_[m[Kâ€™ does not name a type; did you mean â€˜[01m[Krcl_publisher_t[m[Kâ€™?
   rclcpp::Publisher<std_msgs::msg::String>::SharedPtr [01;31m[Kpublisher_[m[K;
                                                       [01;31m[K^~~~~~~~~~[m[K
                                                       [32m[Krcl_publisher_t[m[K
[01m[K/home/konu/Desktop/stuff/ros2_gazebo_custom_plug_ws/src/testing_gazebo/src/simple_world_plugin.cpp:[m[K In constructor â€˜[01m[KMinimalPublisher::MinimalPublisher()[m[Kâ€™:
[01m[K/home/konu/Desktop/stuff/ros2_gazebo_custom_plug_ws/src/testing_gazebo/src/simple_world_plugin.cpp:30:5:[m[K [01;31m[Kerror: [m[Kâ€˜[01m[Kpublisher_[m[Kâ€™ was not declared in this scope
     [01;31m[Kpublisher_[m[K = this->create_publisher<std_msgs::msg::String>("topic", 10);
     [01;31m[K^~~~~~~~~~[m[K
[01m[K/home/konu/Desktop/stuff/ros2_gazebo_custom_plug_ws/src/testing_gazebo/src/simple_world_plugin.cpp:30:5:[m[K [01;36m[Knote: [m[Ksuggested alternative: â€˜[01m[Krcl_publisher_t[m[Kâ€™
     [01;36m[Kpublisher_[m[K = this->create_publisher<std_msgs::msg::String>("topic", 10);
     [01;36m[K^~~~~~~~~~[m[K
     [32m[Krcl_publisher_t[m[K
[01m[K/home/konu/Desktop/stuff/ros2_gazebo_custom_plug_ws/src/testing_gazebo/src/simple_world_plugin.cpp:30:41:[m[K [01;31m[Kerror: [m[Kâ€˜[01m[Kstd_msgs[m[Kâ€™ was not declared in this scope
     publisher_ = this->create_publisher<[01;31m[Kstd_msgs[m[K::msg::String>("topic", 10);
                                         [01;31m[K^~~~~~~~[m[K
[01m[K/home/konu/Desktop/stuff/ros2_gazebo_custom_plug_ws/src/testing_gazebo/src/simple_world_plugin.cpp:30:41:[m[K [01;36m[Knote: [m[Ksuggested alternative: â€˜[01m[Ksdfmsg[m[Kâ€™
     publisher_ = this->create_publisher<[01;36m[Kstd_msgs[m[K::msg::String>("topic", 10);
                                         [01;36m[K^~~~~~~~[m[K
                                         [32m[Ksdfmsg[m[K
[01m[K/home/konu/Desktop/stuff/ros2_gazebo_custom_plug_ws/src/testing_gazebo/src/simple_world_plugin.cpp:30:24:[m[K [01;31m[Kerror: [m[Kparse error in template argument list
     publisher_ = this->[01;31m[Kcreate_publisher<std_msgs::msg::String>[m[K("topic", 10);
                        [01;31m[K^~~~~~~~~~~~~~~~~~~~~~~~~~~~~~~~~~~~~~~[m[K
[01m[K/home/konu/Desktop/stuff/ros2_gazebo_custom_plug_ws/src/testing_gazebo/src/simple_world_plugin.cpp:30:75:[m[K [01;31m[Kerror: [m[Kno matching function for call to â€˜[01m[KMinimalPublisher::create_publisher<<expression error> >(const char [6], int)[m[Kâ€™
     publisher_ = this->create_publisher<std_msgs::msg::String>("topic", 10[01;31m[K)[m[K;
                                                                           [01;31m[K^[m[K
In file included from [01m[K/opt/ros/dashing/include/rclcpp/executors/single_threaded_executor.hpp:28:0[m[K,
                 from [01m[K/opt/ros/dashing/include/rclcpp/executors.hpp:22[m[K,
                 from [01m[K/opt/ros/dashing/include/rclcpp/rclcpp.hpp:144[m[K,
                 from [01m[K/home/konu/Desktop/stuff/ros2_gazebo_custom_plug_ws/src/testing_gazebo/src/simple_world_plugin.cpp:2[m[K:
[01m[K/opt/ros/dashing/include/rclcpp/node.hpp:177:3:[m[K [01;36m[Knote: [m[Kcandidate: template<class MessageT, class AllocatorT, class PublisherT> std::shared_ptr<PublisherT> rclcpp::Node::create_publisher(const string&, const rclcpp::QoS&, const rclcpp::PublisherOptionsWithAllocator<AllocatorT>&)
   [01;36m[Kcreate_publisher[m[K(
   [01;36m[K^~~~~~~~~~~~~~~~[m[K
[01m[K/opt/ros/dashing/include/rclcpp/node.hpp:177:3:[m[K [01;36m[Knote: [m[K  template argument deduction/substitution failed:
[01m[K/home/konu/Desktop/stuff/ros2_gazebo_custom_plug_ws/src/testing_gazebo/src/simple_world_plugin.cpp:30:75:[m[K [01;31m[Kerror: [m[Ktemplate argument 1 is invalid
     publisher_ = this->create_publisher<std_msgs::msg::String>("topic", 10[01;31m[K)[m[K;
                                                                           [01;31m[K^[m[K
In file included from [01m[K/opt/ros/dashing/include/rclcpp/executors/single_threaded_executor.hpp:28:0[m[K,
                 from [01m[K/opt/ros/dashing/include/rclcpp/executors.hpp:22[m[K,
                 from [01m[K/opt/ros/dashing/include/rclcpp/rclcpp.hpp:144[m[K,
                 from [01m[K/home/konu/Desktop/stuff/ros2_gazebo_custom_plug_ws/src/testing_gazebo/src/simple_world_plugin.cpp:2[m[K:
[01m[K/opt/ros/dashing/include/rclcpp/node.hpp:198:3:[m[K [01;36m[Knote: [m[Kcandidate: template<class MessageT, class AllocatorT, class PublisherT> std::shared_ptr<PublisherT> rclcpp::Node::create_publisher(const string&, size_t, std::shared_ptr<_Up>)
   [01;36m[Kcreate_publisher[m[K(
   [01;36m[K^~~~~~~~~~~~~~~~[m[K
[01m[K/opt/ros/dashing/include/rclcpp/node.hpp:198:3:[m[K [01;36m[Knote: [m[K  template argument deduction/substitution failed:
[01m[K/home/konu/Desktop/stuff/ros2_gazebo_custom_plug_ws/src/testing_gazebo/src/simple_world_plugin.cpp:30:75:[m[K [01;31m[Kerror: [m[Ktemplate argument 1 is invalid
     publisher_ = this->create_publisher<std_msgs::msg::String>("topic", 10[01;31m[K)[m[K;
                                                                           [01;31m[K^[m[K
In file included from [01m[K/opt/ros/dashing/include/rclcpp/executors/single_threaded_executor.hpp:28:0[m[K,
                 from [01m[K/opt/ros/dashing/include/rclcpp/executors.hpp:22[m[K,
                 from [01m[K/opt/ros/dashing/include/rclcpp/rclcpp.hpp:144[m[K,
                 from [01m[K/home/konu/Desktop/stuff/ros2_gazebo_custom_plug_ws/src/testing_gazebo/src/simple_world_plugin.cpp:2[m[K:
[01m[K/opt/ros/dashing/include/rclcpp/node.hpp:217:3:[m[K [01;36m[Knote: [m[Kcandidate: template<class MessageT, class AllocatorT, class PublisherT> std::shared_ptr<PublisherT> rclcpp::Node::create_publisher(const string&, const rmw_qos_profile_t&, std::shared_ptr<_Up>)
   [01;36m[Kcreate_publisher[m[K(
   [01;36m[K^~~~~~~~~~~~~~~~[m[K
[01m[K/opt/ros/dashing/include/rclcpp/node.hpp:217:3:[m[K [01;36m[Knote: [m[K  template argument deduction/substitution failed:
[01m[K/home/konu/Desktop/stuff/ros2_gazebo_custom_plug_ws/src/testing_gazebo/src/simple_world_plugin.cpp:30:75:[m[K [01;31m[Kerror: [m[Ktemplate argument 1 is invalid
     publisher_ = this->create_publisher<std_msgs::msg::String>("topic", 10[01;31m[K)[m[K;
                                                                           [01;31m[K^[m[K
[01m[K/home/konu/Desktop/stuff/ros2_gazebo_custom_plug_ws/src/testing_gazebo/src/simple_world_plugin.cpp:[m[K In lambda function:
[01m[K/home/konu/Desktop/stuff/ros2_gazebo_custom_plug_ws/src/testing_gazebo/src/simple_world_plugin.cpp:33:24:[m[K [01;31m[Kerror: [m[Kâ€˜[01m[Kstd_msgs[m[Kâ€™ is not a class, namespace, or enumeration
         auto message = [01;31m[Kstd_msgs[m[K::msg::String();
                        [01;31m[K^~~~~~~~[m[K
[01m[K/home/konu/Desktop/stuff/ros2_gazebo_custom_plug_ws/src/testing_gazebo/src/simple_world_plugin.cpp:36:15:[m[K [01;31m[Kerror: [m[Kâ€˜[01m[Kclass MinimalPublisher[m[Kâ€™ has no member named â€˜[01m[Kpublisher_[m[Kâ€™
         this->[01;31m[Kpublisher_[m[K->publish(message);
               [01;31m[K^~~~~~~~~~[m[K
[01m[K/home/konu/Desktop/stuff/ros2_gazebo_custom_plug_ws/src/testing_gazebo/src/simple_world_plugin.cpp:[m[K In constructor â€˜[01m[KMinimalPublisher::MinimalPublisher()[m[Kâ€™:
[01m[K/home/konu/Desktop/stuff/ros2_gazebo_custom_plug_ws/src/testing_gazebo/src/simple_world_plugin.cpp:38:38:[m[K [01;31m[Kerror: [m[Kunable to find numeric literal operator â€˜[01m[Koperator""ms[m[Kâ€™
     timer_ = this->create_wall_timer([01;31m[K500ms[m[K, timer_callback);
                                      [01;31m[K^~~~~[m[K
make[2]: *** [CMakeFiles/testing_gazebo.dir/src/simple_world_plugin.cpp.o] Error 1
CMakeFiles/testing_gazebo.dir/build.make:62: recipe for target 'CMakeFiles/testing_gazebo.dir/src/simple_world_plugin.cpp.o' failed
make[1]: *** [CMakeFiles/testing_gazebo.dir/all] Error 2
CMakeFiles/Makefile2:67: recipe for target 'CMakeFiles/testing_gazebo.dir/all' failed
make: *** [all] Error 2
Makefile:140: recipe for target 'all' failed
